\BOOKMARK [1][-]{section*.2}{\376\377\000E\000d\000i\000t\000o\000r\000i\000a\000l}{}% 1
\BOOKMARK [1][-]{section*.3}{\376\377\000P\000a\000l\000a\000b\000r\000a\000s\000\040\000d\000e\000l\000\040\000p\000r\000e\000s\000i\000d\000e\000n\000t\000e}{}% 2
\BOOKMARK [1][-]{section.1}{\376\377\000X\000X\000V\000I\000I\000\040\000C\000E\000D\000Y\000A\000\040\000/\000\040\000X\000V\000I\000I\000\040\000C\000M\000A}{}% 3
\BOOKMARK [1][-]{section.2}{\376\377\000X\000V\000I\000I\000I\000\040\000I\000n\000t\000e\000r\000n\000a\000t\000i\000o\000n\000a\000l\000\040\000C\000o\000n\000f\000e\000r\000e\000n\000c\000e\000\040\000o\000n\000\040\000H\000y\000p\000e\000r\000b\000o\000l\000i\000c\000\040\000P\000r\000o\000b\000l\000e\000m\000s\000.\000\040\000T\000h\000e\000o\000r\000y\000\040\000N\000u\000m\000e\000r\000i\000c\000s\000\040\000a\000n\000d\000\040\000A\000p\000p\000l\000i\000c\000a\000t\000i\000o\000n\000s\000\040\000\050\000H\000Y\000P\0002\0000\0002\0002\000\051}{}% 4
\BOOKMARK [1][-]{section.3}{\376\377\000N\000o\000t\000i\000c\000i\000a\000s}{}% 5
\BOOKMARK [2][-]{subsection.3.1}{\376\377\000A\000s\000a\000m\000b\000l\000e\000a\000\040\000G\000e\000n\000e\000r\000a\000l\000\040\000d\000e\000\040\000l\000a\000\040\000S\000E\000M\000A\000\040\0002\0000\0002\0002}{section.3}% 6
\BOOKMARK [2][-]{subsection.3.2}{\376\377\000D\000o\000s\000\040\000n\000u\000e\000v\000o\000s\000\040\000m\000i\000e\000m\000b\000r\000o\000s\000\040\000e\000n\000\040\000e\000l\000\040\000C\000o\000n\000s\000e\000j\000o\000\040\000E\000j\000e\000c\000u\000t\000i\000v\000o\000\040\000d\000e\000\040\000l\000a\000\040\000S\000E\000M\000A}{section.3}% 7
\BOOKMARK [3][-]{subsubsection.3.2.1}{\376\377\000L\000u\000c\000a\000\040\000F\000a\000n\000e\000l\000l\000i}{subsection.3.2}% 8
\BOOKMARK [3][-]{subsubsection.3.2.2}{\376\377\000B\000e\000g\000o\000\361\000a\000\040\000C\000a\000n\000t\000\363\000\040\000C\000o\000l\000o\000m\000i\000n\000a}{subsection.3.2}% 9
\BOOKMARK [2][-]{subsection.3.3}{\376\377\000N\000o\000m\000b\000r\000a\000m\000i\000e\000n\000t\000o\000\040\000d\000e\000\040\000t\000r\000e\000s\000\040\000n\000u\000e\000v\000o\000s\000\040\000c\000o\000r\000r\000e\000s\000p\000o\000n\000d\000i\000e\000n\000t\000e\000s\000\040\000e\000n\000\040\000l\000a\000\040\000S\000e\000c\000c\000i\000\363\000n\000\040\000d\000e\000\040\000M\000a\000t\000e\000m\000\341\000t\000i\000c\000a\000s\000\040\000d\000e\000\040\000l\000a\000\040\000R\000A\000C}{section.3}% 10
\BOOKMARK [2][-]{subsection.3.4}{\376\377\000V\000\040\000C\000o\000n\000c\000u\000r\000s\000o\000\040\000d\000e\000\040\000M\000o\000d\000e\000l\000i\000z\000a\000c\000i\000\363\000n\000\040\000M\000a\000t\000e\000m\000\341\000t\000i\000c\000a\000\040\000d\000e\000l\000\040\000I\000n\000s\000t\000i\000t\000u\000t\000o\000\040\000d\000e\000\040\000M\000a\000t\000e\000m\000\341\000t\000i\000c\000a\000\040\000I\000n\000t\000e\000r\000d\000i\000s\000c\000i\000p\000l\000i\000n\000a\000r\000\040\000\050\000I\000M\000I\000\051}{section.3}% 11
\BOOKMARK [2][-]{subsection.3.5}{\376\377\000A\000d\000j\000u\000d\000i\000c\000a\000d\000a\000s\000\040\0006\0000\000\040\000B\000e\000c\000a\000s\000\040\000L\000e\000o\000n\000a\000r\000d\000o\000\040\000a\000\040\000I\000n\000v\000e\000s\000t\000i\000g\000a\000d\000o\000r\000e\000s\000\040\000y\000\040\000C\000r\000e\000a\000d\000o\000r\000e\000s\000\040\000C\000u\000l\000t\000u\000r\000a\000l\000e\000s\000\040\0002\0000\0002\0002\000\040\000d\000e\000\040\000l\000a\000\040\000F\000u\000n\000d\000a\000c\000i\000\363\000n\000\040\000B\000B\000V\000A}{section.3}% 12
\BOOKMARK [2][-]{subsection.3.6}{\376\377\000E\000l\000\040\000B\000C\000A\000M\000\040\000l\000o\000g\000r\000a\000\040\000s\000u\000\040\000t\000e\000r\000c\000e\000r\000a\000\040\000a\000c\000r\000e\000d\000i\000t\000a\000c\000i\000\363\000n\000\040\000d\000e\000\040\000e\000x\000c\000e\000l\000e\000n\000c\000i\000a\000\040\000<\000<\000S\000e\000v\000e\000r\000o\000\040\000O\000c\000h\000o\000a\000>\000>}{section.3}% 13
\BOOKMARK [2][-]{subsection.3.7}{\376\377\000<\000<\000M\000u\000j\000e\000r\000e\000s\000\040\000d\000e\000\040\000C\000i\000e\000n\000c\000i\000a\000>\000>\000,\000\040\000u\000n\000a\000\040\000n\000u\000e\000v\000a\000\040\000i\000n\000i\000c\000i\000a\000t\000i\000v\000a\000\040\000d\000e\000\040\000l\000a\000\040\000F\000u\000n\000d\000a\000c\000i\000\363\000n\000\040\000R\000e\000a\000l\000\040\000A\000c\000a\000d\000e\000m\000i\000a\000\040\000d\000e\000\040\000C\000i\000e\000n\000c\000i\000a\000s}{section.3}% 14
\BOOKMARK [2][-]{subsection.3.8}{\376\377\000J\000o\000r\000n\000a\000d\000a\000\040\000s\000o\000b\000r\000e\000\040\000D\000o\000c\000t\000o\000r\000a\000d\000o\000\040\000I\000n\000d\000u\000s\000t\000r\000i\000a\000l\000\040\000e\000n\000\040\000l\000a\000\040\000U\000n\000i\000v\000e\000r\000s\000i\000d\000a\000d\000\040\000d\000e\000\040\000S\000e\000v\000i\000l\000l\000a\000,\000\040\000o\000c\000t\000u\000b\000r\000e\000\040\0002\0000\0002\0002}{section.3}% 15
\BOOKMARK [1][-]{section.4}{\376\377\000A\000n\000u\000n\000c\000i\000o\000s}{}% 16
\BOOKMARK [2][-]{subsection.4.1}{\376\377\000C\000o\000n\000v\000o\000c\000a\000t\000o\000r\000i\000a\000\040\000d\000e\000l\000\040\000X\000X\000V\000I\000\040\000P\000r\000e\000m\000i\000o\000\040\000S\000E\000M\000A\000\040\000<\000<\000A\000n\000t\000o\000n\000i\000o\000\040\000V\000a\000l\000l\000e\000>\000>\000\040\000a\000l\000\040\000J\000o\000v\000e\000n\000\040\000I\000n\000v\000e\000s\000t\000i\000g\000a\000d\000o\000r\000\040\000\050\0002\0000\0002\0003\000\051}{section.4}% 17
\BOOKMARK [3][-]{subsubsection.4.1.1}{\376\377\000P\000r\000e\000\341\000m\000b\000u\000l\000o}{subsection.4.1}% 18
\BOOKMARK [3][-]{subsubsection.4.1.2}{\376\377\000B\000a\000s\000e\000s\000\040\000G\000e\000n\000e\000r\000a\000l\000e\000s}{subsection.4.1}% 19
\BOOKMARK [3][-]{subsubsection.4.1.3}{\376\377\000B\000a\000s\000e\000s\000\040\000p\000a\000r\000t\000i\000c\000u\000l\000a\000r\000e\000s\000\040\000d\000e\000\040\000l\000a\000\040\000c\000o\000n\000v\000o\000c\000a\000t\000o\000r\000i\000a\000\040\0002\0000\0002\0003}{subsection.4.1}% 20
\BOOKMARK [2][-]{subsection.4.2}{\376\377\000P\000r\000e\000m\000i\000o\000\040\000E\000C\000C\000O\000M\000A\000S\000\040\000a\000\040\000l\000a\000s\000\040\000d\000o\000s\000\040\000m\000e\000j\000o\000r\000e\000s\000\040\000t\000e\000s\000i\000s\000\040\000d\000e\000\040\0002\0000\0002\0002}{section.4}% 21
\BOOKMARK [2][-]{subsection.4.3}{\376\377\000P\000l\000a\000z\000a\000\040\000p\000o\000s\000d\000o\000c\000t\000o\000r\000a\000l\000\040\000e\000n\000\040\000l\000a\000\040\000U\000n\000i\000v\000e\000r\000s\000i\000d\000a\000d\000\040\000d\000e\000\040\000P\000a\000v\000\355\000a\000,\000\040\000I\000t\000a\000l\000i\000a}{section.4}% 22
\BOOKMARK [2][-]{subsection.4.4}{\376\377\000A\000b\000i\000e\000r\000t\000o\000\040\000e\000l\000\040\000p\000l\000a\000z\000o\000\040\000p\000a\000r\000a\000\040\000e\000n\000v\000i\000a\000r\000\040\000s\000e\000s\000i\000o\000n\000e\000s\000\040\000e\000s\000p\000e\000c\000i\000a\000l\000e\000s\000\040\000a\000l\000\040\000I\000L\000A\000S\000\040\0002\0000\0002\0003}{section.4}% 23
\BOOKMARK [2][-]{subsection.4.5}{\376\377\000F\000o\000u\000n\000d\000a\000t\000i\000o\000n\000\040\000o\000f\000\040\000C\000o\000m\000p\000u\000t\000a\000t\000i\000o\000n\000a\000l\000\040\000M\000a\000t\000h\000e\000m\000a\000t\000i\000c\000s\000\040\0002\0000\0002\0003}{section.4}% 24
\BOOKMARK [2][-]{subsection.4.6}{\376\377\0002\000n\000d\000\040\000S\000p\000a\000n\000i\000s\000h\000\040\000F\000l\000u\000i\000d\000\040\000M\000e\000c\000h\000a\000n\000i\000c\000s\000\040\000C\000o\000n\000f\000e\000r\000e\000n\000c\000e}{section.4}% 25
\BOOKMARK [2][-]{subsection.4.7}{\376\377\000A\000c\000t\000i\000v\000i\000d\000a\000d\000e\000s\000\040\000d\000e\000l\000\040\000I\000n\000s\000t\000i\000t\000u\000t\000o\000\040\000d\000e\000\040\000M\000a\000t\000e\000m\000\341\000t\000i\000c\000a\000s\000\040\000d\000e\000\040\000l\000a\000\040\000U\000n\000i\000v\000e\000r\000s\000i\000d\000a\000d\000\040\000d\000e\000\040\000S\000e\000v\000i\000l\000l\000a\000,\000\040\000I\000M\000U\000S}{section.4}% 26
\BOOKMARK [2][-]{subsection.4.8}{\376\377\000B\000a\000s\000q\000u\000e\000\040\000C\000e\000n\000t\000e\000r\000\040\000f\000o\000r\000\040\000A\000p\000p\000l\000i\000e\000d\000\040\000M\000a\000t\000h\000e\000m\000a\000t\000i\000c\000s}{section.4}% 27
\BOOKMARK [1][-]{section.5}{\376\377\000S\000E\000M\000A\000\040\000J\000o\000u\000r\000n\000a\000l}{}% 28
\BOOKMARK [1][-]{section.6}{\376\377\000I\000l\000u\000s\000t\000r\000a\000c\000i\000\363\000n\000\040\000d\000e\000\040\000l\000a\000\040\000p\000o\000r\000t\000a\000d\000a}{}% 29
\BOOKMARK [1][-]{section.7}{\376\377\000S\000o\000c\000i\000o\000s\000\040\000i\000n\000s\000t\000i\000t\000u\000c\000i\000o\000n\000a\000l\000e\000s}{}% 30
\BOOKMARK [1][-]{section*.51}{\376\377\000H\000a\000c\000e\000r\000s\000e\000\040\000s\000o\000c\000i\000o\000\040\000d\000e\000\040\000l\000a\000\040\000S\000E\000M\000A\000\040\000e\000s\000\040\000m\000u\000y\000\040\000s\000e\000n\000c\000i\000l\000l\000o\000,\000\040\000y\000\040\000b\000a\000r\000a\000t\000o}{}% 31
