This is pdfTeX, Version 3.14159265-2.6-1.40.18 (TeX Live 2017) (preloaded format=pdflatex 2018.2.17)  28 NOV 2022 09:24
entering extended mode
 restricted \write18 enabled.
 file:line:error style messages enabled.
 %&-line parsing enabled.
**DoctoradoIndustrialUS2022.tex
(./DoctoradoIndustrialUS2022.tex
LaTeX2e <2017-04-15>
Babel <3.10> and hyphenation patterns for 84 language(s) loaded.
./DoctoradoIndustrialUS2022.tex:29: Undefined control sequence.
l.29 \subsection
                {Jornada sobre Doctorado Industrial en la Universidad de Sev...

? 
./DoctoradoIndustrialUS2022.tex:29: Emergency stop.
l.29 \subsection
                {Jornada sobre Doctorado Industrial en la Universidad de Sev...
End of file on the terminal!

 
Here is how much of TeX's memory you used:
 5 strings out of 492995
 199 string characters out of 6132704
 54074 words of memory out of 5000000
 3658 multiletter control sequences out of 15000+600000
 3640 words of font info for 14 fonts, out of 8000000 for 9000
 1141 hyphenation exceptions out of 8191
 5i,0n,1p,122b,8s stack positions out of 5000i,500n,10000p,200000b,80000s
./DoctoradoIndustrialUS2022.tex:29:  ==> Fatal error occurred, no output PDF fi
le produced!
